build/intermediates/proguard-rules/release/aapt_rules.txt
# Referenced at res\layout\abc_alert_dialog_material.xml:0
-keep class android.support.v4.widget.NestedScrollView { <init>(...); }

# Referenced at res\layout\abc_alert_dialog_button_bar_material.xml:0
-keep class android.support.v4.widget.Space { <init>(...); }

# Referenced at res\layout\abc_action_menu_item_layout.xml:0
-keep class android.support.v7.view.menu.ActionMenuItemView { <init>(...); }

# Referenced at res\layout\abc_expanded_menu_layout.xml:0
-keep class android.support.v7.view.menu.ExpandedMenuView { <init>(...); }

# Referenced at res\layout\abc_list_menu_item_layout.xml:0
# Referenced at res\layout\abc_popup_menu_item_layout.xml:0
-keep class android.support.v7.view.menu.ListMenuItemView { <init>(...); }

# Referenced at res\layout\abc_screen_toolbar.xml:0
-keep class android.support.v7.widget.ActionBarContainer { <init>(...); }

# Referenced at res\layout\abc_action_mode_bar.xml:0
# Referenced at res\layout\abc_screen_toolbar.xml:0
-keep class android.support.v7.widget.ActionBarContextView { <init>(...); }

# Referenced at res\layout\abc_screen_toolbar.xml:0
-keep class android.support.v7.widget.ActionBarOverlayLayout { <init>(...); }

# Referenced at res\layout\abc_action_menu_layout.xml:0
-keep class android.support.v7.widget.ActionMenuView { <init>(...); }

# Referenced at res\layout\abc_activity_chooser_view.xml:0
-keep class android.support.v7.widget.ActivityChooserView$InnerLayout { <init>(...); }

# Referenced at res\layout\abc_alert_dialog_button_bar_material.xml:0
-keep class android.support.v7.widget.ButtonBarLayout { <init>(...); }

# Referenced at res\layout\abc_screen_content_include.xml:0
-keep class android.support.v7.widget.ContentFrameLayout { <init>(...); }

# Referenced at res\layout\abc_alert_dialog_material.xml:0
-keep class android.support.v7.widget.DialogTitle { <init>(...); }

# Referenced at res\layout\abc_screen_simple_overlay_action_mode.xml:0
-keep class android.support.v7.widget.FitWindowsFrameLayout { <init>(...); }

# Referenced at res\layout\abc_dialog_title_material.xml:0
# Referenced at res\layout\abc_screen_simple.xml:0
-keep class android.support.v7.widget.FitWindowsLinearLayout { <init>(...); }

# Referenced at res\layout\abc_search_view.xml:0
-keep class android.support.v7.widget.SearchView$SearchAutoComplete { <init>(...); }

# Referenced at res\layout\abc_screen_toolbar.xml:0
# Referenced at res\layout\cast_expanded_controller_activity.xml:0
-keep class android.support.v7.widget.Toolbar { <init>(...); }

# Referenced at res\layout\abc_screen_simple.xml:0
# Referenced at res\layout\abc_screen_simple_overlay_action_mode.xml:0
-keep class android.support.v7.widget.ViewStubCompat { <init>(...); }

# Referenced at full\release\AndroidManifest.xml:60
-keep class com.google.android.gms.ads.AdActivity { <init>(...); }

# Referenced at full\release\AndroidManifest.xml:64
-keep class com.google.android.gms.ads.purchase.InAppPurchaseActivity { <init>(...); }

# Referenced at full\release\AndroidManifest.xml:67
-keep class com.google.android.gms.appinvite.PreviewActivity { <init>(...); }

# Referenced at full\release\AndroidManifest.xml:86
-keep class com.google.android.gms.auth.api.signin.RevocationBoundService { <init>(...); }

# Referenced at full\release\AndroidManifest.xml:77
-keep class com.google.android.gms.auth.api.signin.internal.SignInHubActivity { <init>(...); }

# Referenced at full\release\AndroidManifest.xml:59
-keep class com.google.android.gms.cast.framework.ReconnectionService { <init>(...); }

# Referenced at res\layout\cast_help_text.xml:0
-keep class com.google.android.gms.cast.framework.internal.featurehighlight.HelpTextView { <init>(...); }

# Referenced at full\release\AndroidManifest.xml:56
-keep class com.google.android.gms.cast.framework.media.MediaIntentReceiver { <init>(...); }

# Referenced at full\release\AndroidManifest.xml:58
-keep class com.google.android.gms.cast.framework.media.MediaNotificationService { <init>(...); }

# Referenced at full\release\AndroidManifest.xml:97
-keep class com.google.android.gms.common.api.GoogleApiActivity { <init>(...); }

# Referenced at full\release\AndroidManifest.xml:130
-keep class com.google.android.gms.measurement.AppMeasurementReceiver { <init>(...); }

# Referenced at full\release\AndroidManifest.xml:138
-keep class com.google.android.gms.measurement.AppMeasurementService { <init>(...); }

# Referenced at full\release\AndroidManifest.xml:117
-keep class com.google.android.gms.tagmanager.TagManagerPreviewActivity { <init>(...); }

# Referenced at full\release\AndroidManifest.xml:112
-keep class com.google.android.gms.tagmanager.TagManagerService { <init>(...); }

# Referenced at full\release\AndroidManifest.xml:90
-keep class com.google.firebase.crash.internal.service.FirebaseCrashReceiverService { <init>(...); }

# Referenced at full\release\AndroidManifest.xml:93
-keep class com.google.firebase.crash.internal.service.FirebaseCrashSenderService { <init>(...); }

# Referenced at full\release\AndroidManifest.xml:158
-keep class com.google.firebase.iid.FirebaseInstanceIdInternalReceiver { <init>(...); }

# Referenced at full\release\AndroidManifest.xml:143
-keep class com.google.firebase.iid.FirebaseInstanceIdReceiver { <init>(...); }

# Referenced at full\release\AndroidManifest.xml:165
-keep class com.google.firebase.iid.FirebaseInstanceIdService { <init>(...); }

# Referenced at full\release\AndroidManifest.xml:105
-keep class com.google.firebase.messaging.FirebaseMessagingService { <init>(...); }

# Referenced at full\release\AndroidManifest.xml:173
-keep class com.google.firebase.provider.FirebaseInitProvider { <init>(...); }

# Referenced at full\release\AndroidManifest.xml:54
-keep class com.parse.starter.ChatActivity { <init>(...); }

# Referenced at full\release\AndroidManifest.xml:44
-keep class com.parse.starter.MainActivity { <init>(...); }

# Referenced at full\release\AndroidManifest.xml:38
-keep class com.parse.starter.StarterApplication { <init>(...); }

# Referenced at full\release\AndroidManifest.xml:53
-keep class com.parse.starter.UserLlistActivity { <init>(...); }

# Referenced at res\layout\activity_chat.xml:0
-keepclassmembers class * { *** sendchat(...); }

# Referenced at res\layout\activity_main.xml:0
-keepclassmembers class * { *** signup(...); }