build/outputs/mapping/release/seeds.txt
com.parse.starter.BuildConfig
com.parse.starter.BuildConfig: boolean DEBUG
com.parse.starter.BuildConfig: java.lang.String APPLICATION_ID
com.parse.starter.BuildConfig: java.lang.String BUILD_TYPE
com.parse.starter.BuildConfig: java.lang.String FLAVOR
com.parse.starter.BuildConfig: int VERSION_CODE
com.parse.starter.BuildConfig: java.lang.String VERSION_NAME
com.parse.starter.BuildConfig: BuildConfig()
com.parse.starter.ChatActivity
com.parse.starter.ChatActivity: java.lang.String activeUser
com.parse.starter.ChatActivity: java.util.ArrayList messages
com.parse.starter.ChatActivity: android.widget.ArrayAdapter arrayAdapter
com.parse.starter.ChatActivity: ChatActivity()
com.parse.starter.ChatActivity: void sendchat(android.view.View)
com.parse.starter.ChatActivity: void updateChat()
com.parse.starter.ChatActivity: void onCreate(android.os.Bundle)
com.parse.starter.ChatActivity$1
com.parse.starter.ChatActivity$1: java.lang.String val$messageContent
com.parse.starter.ChatActivity$1: com.parse.starter.ChatActivity this$0
com.parse.starter.ChatActivity$1: ChatActivity$1(com.parse.starter.ChatActivity,java.lang.String)
com.parse.starter.ChatActivity$1: void done(com.parse.ParseException)
com.parse.starter.ChatActivity$1: void done(java.lang.Throwable)
com.parse.starter.ChatActivity$2
com.parse.starter.ChatActivity$2: com.parse.starter.ChatActivity this$0
com.parse.starter.ChatActivity$2: ChatActivity$2(com.parse.starter.ChatActivity,android.content.Context,int,java.util.List)
com.parse.starter.ChatActivity$2: android.view.View getView(int,android.view.View,android.view.ViewGroup)
com.parse.starter.ChatActivity$3
com.parse.starter.ChatActivity$3: com.parse.starter.ChatActivity this$0
com.parse.starter.ChatActivity$3: ChatActivity$3(com.parse.starter.ChatActivity)
com.parse.starter.ChatActivity$3: void done(java.util.List,com.parse.ParseException)
com.parse.starter.ChatActivity$3: void done(java.lang.Object,java.lang.Throwable)
com.parse.starter.MainActivity
com.parse.starter.MainActivity: boolean loginMode
com.parse.starter.MainActivity: MainActivity()
com.parse.starter.MainActivity: void redirectifloggedin()
com.parse.starter.MainActivity: void signup(android.view.View)
com.parse.starter.MainActivity: void onCreate(android.os.Bundle)
com.parse.starter.MainActivity$1
com.parse.starter.MainActivity$1: android.widget.EditText val$et1
com.parse.starter.MainActivity$1: android.widget.EditText val$et2
com.parse.starter.MainActivity$1: com.parse.starter.MainActivity this$0
com.parse.starter.MainActivity$1: MainActivity$1(com.parse.starter.MainActivity,android.widget.EditText,android.widget.EditText)
com.parse.starter.MainActivity$1: void done(com.parse.ParseUser,com.parse.ParseException)
com.parse.starter.MainActivity$1: void done(java.lang.Object,java.lang.Throwable)
com.parse.starter.MainActivity$1$1
com.parse.starter.MainActivity$1$1: com.parse.starter.MainActivity$1 this$1
com.parse.starter.MainActivity$1$1: MainActivity$1$1(com.parse.starter.MainActivity$1)
com.parse.starter.MainActivity$1$1: void done(com.parse.ParseException)
com.parse.starter.MainActivity$1$1: void done(java.lang.Throwable)
com.parse.starter.Manifest
com.parse.starter.Manifest: Manifest()
com.parse.starter.Manifest$permission
com.parse.starter.Manifest$permission: java.lang.String C2D_MESSAGE
com.parse.starter.Manifest$permission: Manifest$permission()
com.parse.starter.R
com.parse.starter.R: R()
com.parse.starter.R$anim
com.parse.starter.R$anim: int abc_fade_in
com.parse.starter.R$anim: int abc_fade_out
com.parse.starter.R$anim: int abc_grow_fade_in_from_bottom
com.parse.starter.R$anim: int abc_popup_enter
com.parse.starter.R$anim: int abc_popup_exit
com.parse.starter.R$anim: int abc_shrink_fade_out_from_bottom
com.parse.starter.R$anim: int abc_slide_in_bottom
com.parse.starter.R$anim: int abc_slide_in_top
com.parse.starter.R$anim: int abc_slide_out_bottom
com.parse.starter.R$anim: int abc_slide_out_top
com.parse.starter.R$anim: R$anim()
...
com.google.android.gms.wallet.CountrySpecification
com.google.android.gms.wallet.CountrySpecification: android.os.Parcelable$Creator CREATOR
com.google.android.gms.wallet.CreateWalletObjectsRequest
com.google.android.gms.wallet.CreateWalletObjectsRequest: android.os.Parcelable$Creator CREATOR
com.google.android.gms.wallet.FullWallet
com.google.android.gms.wallet.FullWallet: android.os.Parcelable$Creator CREATOR
com.google.android.gms.wallet.FullWalletRequest
com.google.android.gms.wallet.FullWalletRequest: android.os.Parcelable$Creator CREATOR
com.google.android.gms.wallet.GiftCardWalletObject
com.google.android.gms.wallet.GiftCardWalletObject: android.os.Parcelable$Creator CREATOR
com.google.android.gms.wallet.InstrumentInfo
com.google.android.gms.wallet.InstrumentInfo: android.os.Parcelable$Creator CREATOR
com.google.android.gms.wallet.IsReadyToPayRequest
com.google.android.gms.wallet.IsReadyToPayRequest: android.os.Parcelable$Creator CREATOR
com.google.android.gms.wallet.LineItem
com.google.android.gms.wallet.LineItem: android.os.Parcelable$Creator CREATOR
com.google.android.gms.wallet.LoyaltyWalletObject
com.google.android.gms.wallet.LoyaltyWalletObject: android.os.Parcelable$Creator CREATOR
com.google.android.gms.wallet.MaskedWallet
com.google.android.gms.wallet.MaskedWallet: android.os.Parcelable$Creator CREATOR
com.google.android.gms.wallet.MaskedWalletRequest
com.google.android.gms.wallet.MaskedWalletRequest: android.os.Parcelable$Creator CREATOR
com.google.android.gms.wallet.NotifyTransactionStatusRequest
com.google.android.gms.wallet.NotifyTransactionStatusRequest: android.os.Parcelable$Creator CREATOR
com.google.android.gms.wallet.OfferWalletObject
com.google.android.gms.wallet.OfferWalletObject: android.os.Parcelable$Creator CREATOR
com.google.android.gms.wallet.PaymentMethodToken
com.google.android.gms.wallet.PaymentMethodToken: android.os.Parcelable$Creator CREATOR
com.google.android.gms.wallet.PaymentMethodTokenizationParameters
com.google.android.gms.wallet.PaymentMethodTokenizationParameters: android.os.Parcelable$Creator CREATOR
com.google.android.gms.wallet.ProxyCard
com.google.android.gms.wallet.ProxyCard: android.os.Parcelable$Creator CREATOR
com.google.android.gms.wallet.firstparty.ExecuteBuyFlowRequest
com.google.android.gms.wallet.firstparty.ExecuteBuyFlowRequest: android.os.Parcelable$Creator CREATOR
com.google.android.gms.wallet.firstparty.GetBuyFlowInitializationTokenRequest
com.google.android.gms.wallet.firstparty.GetBuyFlowInitializationTokenRequest: android.os.Parcelable$Creator CREATOR
com.google.android.gms.wallet.firstparty.GetBuyFlowInitializationTokenResponse
com.google.android.gms.wallet.firstparty.GetBuyFlowInitializationTokenResponse: android.os.Parcelable$Creator CREATOR
com.google.android.gms.wallet.firstparty.GetClientTokenRequest
com.google.android.gms.wallet.firstparty.GetClientTokenRequest: android.os.Parcelable$Creator CREATOR
com.google.android.gms.wallet.firstparty.GetClientTokenResponse
com.google.android.gms.wallet.firstparty.GetClientTokenResponse: android.os.Parcelable$Creator CREATOR
com.google.android.gms.wallet.firstparty.GetInstrumentsRequest
com.google.android.gms.wallet.firstparty.GetInstrumentsRequest: android.os.Parcelable$Creator CREATOR
com.google.android.gms.wallet.firstparty.GetInstrumentsResponse
com.google.android.gms.wallet.firstparty.GetInstrumentsResponse: android.os.Parcelable$Creator CREATOR
com.google.android.gms.wallet.firstparty.InitializeBuyFlowRequest
com.google.android.gms.wallet.firstparty.InitializeBuyFlowRequest: android.os.Parcelable$Creator CREATOR
com.google.android.gms.wallet.firstparty.WalletCustomTheme
com.google.android.gms.wallet.firstparty.WalletCustomTheme: android.os.Parcelable$Creator CREATOR
com.google.android.gms.wallet.fragment.WalletFragmentInitParams
com.google.android.gms.wallet.fragment.WalletFragmentInitParams: android.os.Parcelable$Creator CREATOR