build/outputs/mapping/release/mapping.txt
com.parse.starter.ChatActivity -> com.parse.starter.ChatActivity:
    java.lang.String activeUser -> activeUser
    java.util.ArrayList messages -> messages
    android.widget.ArrayAdapter arrayAdapter -> arrayAdapter
    27:30:void <init>() -> <init>
    34:50:void sendchat(android.view.View) -> sendchat
    53:111:void updateChat() -> updateChat
    115:122:void onCreate(android.os.Bundle) -> onCreate
com.parse.starter.ChatActivity$1 -> com.parse.starter.ChatActivity$1:
    java.lang.String val$messageContent -> val$messageContent
    com.parse.starter.ChatActivity this$0 -> this$0
    41:41:void <init>(com.parse.starter.ChatActivity,java.lang.String) -> <init>
    44:48:void done(com.parse.ParseException) -> done
    41:41:void done(java.lang.Throwable) -> done
com.parse.starter.ChatActivity$2 -> com.parse.starter.ChatActivity$2:
    com.parse.starter.ChatActivity this$0 -> this$0
    55:55:void <init>(com.parse.starter.ChatActivity,android.content.Context,int,java.util.List) -> <init>
    58:74:android.view.View getView(int,android.view.View,android.view.ViewGroup) -> getView
com.parse.starter.ChatActivity$3 -> com.parse.starter.ChatActivity$3:
    com.parse.starter.ChatActivity this$0 -> this$0
    92:92:void <init>(com.parse.starter.ChatActivity) -> <init>
    95:109:void done(java.util.List,com.parse.ParseException) -> done
    92:92:void done(java.lang.Object,java.lang.Throwable) -> done
com.parse.starter.MainActivity -> com.parse.starter.MainActivity:
    boolean loginMode -> loginMode
    32:33:void <init>() -> <init>
    36:41:void redirectifloggedin() -> redirectifloggedin
    45:79:void signup(android.view.View) -> signup
    83:88:void onCreate(android.os.Bundle) -> onCreate
com.parse.starter.MainActivity$1 -> com.parse.starter.MainActivity$1:
    android.widget.EditText val$et1 -> val$et1
    android.widget.EditText val$et2 -> val$et2
    com.parse.starter.MainActivity this$0 -> this$0
    48:48:void <init>(com.parse.starter.MainActivity,android.widget.EditText,android.widget.EditText) -> <init>
    51:77:void done(com.parse.ParseUser,com.parse.ParseException) -> done
    48:48:void done(java.lang.Object,java.lang.Throwable) -> done
com.parse.starter.MainActivity$1$1 -> com.parse.starter.MainActivity$1$1:
    com.parse.starter.MainActivity$1 this$1 -> this$1
    59:59:void <init>(com.parse.starter.MainActivity$1) -> <init>
    62:74:void done(com.parse.ParseException) -> done
    59:59:void done(java.lang.Throwable) -> done
com.parse.starter.StarterApplication -> com.parse.starter.StarterApplication:
    22:22:void <init>() -> <init>
    26:46:void onCreate() -> onCreate
com.parse.starter.UserLlistActivity -> com.parse.starter.UserLlistActivity:
    java.util.ArrayList users -> users
    android.widget.ArrayAdapter arrayAdapter -> arrayAdapter
    19:21:void <init>() -> <init>
    25:58:void onCreate(android.os.Bundle) -> onCreate
    62:64:void onBackPressed() -> onBackPressed
com.parse.starter.UserLlistActivity$1 -> com.parse.starter.UserLlistActivity$1:
    com.parse.starter.UserLlistActivity this$0 -> this$0
    29:29:void <init>(com.parse.starter.UserLlistActivity) -> <init>
    32:35:void onItemClick(android.widget.AdapterView,android.view.View,int,long) -> onItemClick
com.parse.starter.UserLlistActivity$2 -> com.parse.starter.UserLlistActivity$2:
    com.parse.starter.UserLlistActivity this$0 -> this$0
    42:42:void <init>(com.parse.starter.UserLlistActivity) -> <init>
    45:56:void done(java.util.List,com.parse.ParseException) -> done
    42:42:void done(java.lang.Object,java.lang.Throwable) -> done
...
com.google.android.gms.ads.internal.overlay.zzl -> com.google.android.gms.ads.internal.overlay.l:
    void zzf(com.google.android.gms.internal.zzlh,java.util.Map) -> a
    void pause() -> a
    void resume() -> b
    void destroy() -> c
    boolean zzou() -> d
com.google.android.gms.ads.internal.overlay.zzm -> com.google.android.gms.ads.internal.overlay.m:
    com.google.android.gms.ads.internal.overlay.zzl zza(android.app.Activity,com.google.android.gms.internal.zzlh,android.widget.RelativeLayout) -> a
    boolean zzr(android.content.Context) -> a
com.google.android.gms.ads.internal.overlay.zzn -> com.google.android.gms.ads.internal.overlay.n:
    void <init>() -> <init>
    com.google.android.gms.ads.internal.overlay.zzi zza(android.content.Context,com.google.android.gms.internal.zzlh,int,boolean,com.google.android.gms.internal.zzdk,com.google.android.gms.internal.zzdi) -> a
com.google.android.gms.ads.internal.overlay.zzo -> com.google.android.gms.ads.internal.overlay.o:
    android.widget.ImageButton zzbug -> a
    com.google.android.gms.ads.internal.overlay.zzu zzbuh -> b
    void <init>(android.content.Context,int,com.google.android.gms.ads.internal.overlay.zzu) -> <init>
    void onClick(android.view.View) -> onClick
    void zza(boolean,boolean) -> a
com.google.android.gms.ads.internal.overlay.zzp -> com.google.android.gms.ads.internal.overlay.p:
    void zzdo() -> m
com.google.android.gms.ads.internal.overlay.zzq -> com.google.android.gms.ads.internal.overlay.q:
    void <init>() -> <init>
    android.media.MediaPlayer zzov() -> a
com.google.android.gms.ads.internal.overlay.zzr -> com.google.android.gms.ads.internal.overlay.r:
    void <init>() -> <init>
    android.view.Surface zza(android.graphics.SurfaceTexture) -> a
com.google.android.gms.ads.internal.overlay.zzs -> com.google.android.gms.ads.internal.overlay.s:
    void <init>() -> <init>
    void pause() -> a
    void resume() -> b
    void destroy() -> c
    void zzf(com.google.android.gms.internal.zzlh,java.util.Map) -> a
    boolean zzou() -> d
com.google.android.gms.ads.internal.overlay.zzt -> com.google.android.gms.ads.internal.overlay.t:
    void <init>() -> <init>
    com.google.android.gms.ads.internal.overlay.zzl zza(android.app.Activity,com.google.android.gms.internal.zzlh,android.widget.RelativeLayout) -> a
    boolean zzr(android.content.Context) -> a
com.google.android.gms.ads.internal.overlay.zzu -> com.google.android.gms.ads.internal.overlay.u:
    void zznv() -> c
com.google.android.gms.ads.internal.overlay.zzv -> com.google.android.gms.ads.internal.overlay.v:
    android.hardware.SensorManager zzbui -> a
    java.lang.Object zzbuj -> b
    android.view.Display zzbuk -> c
    float[] zzbul -> d
    float[] zzbum -> e
    float[] zzbun -> f
    android.os.Handler zzbuo -> g
    com.google.android.gms.ads.internal.overlay.zzv$zza zzbup -> h
    void <init>(android.content.Context) -> <init>
    int getRotation() -> a
    void start() -> b
    void stop() -> c
    void zza(com.google.android.gms.ads.internal.overlay.zzv$zza) -> a
    void onSensorChanged(android.hardware.SensorEvent) -> onSensorChanged
    void zza(float[]) -> a
    void onAccuracyChanged(android.hardware.Sensor,int) -> onAccuracyChanged
    boolean zzb(float[]) -> b
    void zzf(int,int) -> a
com.google.android.gms.ads.internal.overlay.zzv$1 -> com.google.android.gms.ads.internal.overlay.v$1:
    com.google.android.gms.ads.internal.overlay.zzv zzbuq -> a
    void <init>(com.google.android.gms.ads.internal.overlay.zzv) -> <init>
    void run() -> run
com.google.android.gms.ads.internal.overlay.zzv$zza -> com.google.android.gms.ads.internal.overlay.v$a:
    void zznz() -> a