build/outputs/mapping/release/usage.txt
com.parse.starter.BuildConfig
com.parse.starter.Manifest
com.parse.starter.Manifest$permission
com.parse.starter.R
com.parse.starter.R$anim
com.parse.starter.R$array
com.parse.starter.R$attr
com.parse.starter.R$bool
com.parse.starter.R$color
com.parse.starter.R$dimen
com.parse.starter.R$drawable
com.parse.starter.R$id
com.parse.starter.R$integer
com.parse.starter.R$layout
com.parse.starter.R$mipmap
com.parse.starter.R$raw
com.parse.starter.R$string
com.parse.starter.R$style
com.parse.starter.R$styleable
...
com.google.firebase.storage.StorageTask$SnapshotBase
com.google.firebase.storage.StreamDownloadTask
com.google.firebase.storage.StreamDownloadTask$StreamProcessor
com.google.firebase.storage.StreamDownloadTask$TaskSnapshot
com.google.firebase.storage.StreamDownloadTask$zza
com.google.firebase.storage.UploadTask
com.google.firebase.storage.UploadTask$1
com.google.firebase.storage.UploadTask$TaskSnapshot
com.google.firebase.storage.zza
com.google.firebase.storage.zzb
com.google.firebase.storage.zzc
com.google.firebase.storage.zzd
com.google.firebase.storage.zzd$zza
com.google.firebase.storage.zze
com.google.firebase.storage.zze$1
com.google.firebase.storage.zze$2
com.google.firebase.storage.zze$zza
com.google.firebase.storage.zzf
com.parse.AbstractQueryController:
    25:25:public bolts.Task getFirstAsync(com.parse.ParseQuery$State,com.parse.ParseUser,bolts.Task)
com.parse.AbstractQueryController$1
com.parse.CacheQueryController:
    53:65:public bolts.Task countAsync(com.parse.ParseQuery$State,com.parse.ParseUser,bolts.Task)
    105:106:private bolts.Task countFromCacheAsync(com.parse.ParseQuery$State,java.lang.String)
    20:20:static synthetic bolts.Task access$200(com.parse.CacheQueryController,com.parse.ParseQuery$State,java.lang.String)
com.parse.CacheQueryController$2
com.parse.CacheQueryController$4
com.parse.CachedCurrentInstallationController:
    static final java.lang.String TAG
    117:123:public bolts.Task existsAsync()
    145:154:public void clearFromDisk()
com.parse.CachedCurrentInstallationController$3
com.parse.CachedCurrentInstallationController$3$1
com.parse.CachedCurrentUserController:
    110:116:public bolts.Task existsAsync()
    146:155:public void clearFromDisk()
    170:170:public bolts.Task logOutAsync()
com.parse.CachedCurrentUserController$2
com.parse.CachedCurrentUserController$2$1
com.parse.CachedCurrentUserController$4
com.parse.CachedCurrentUserController$4$1
com.parse.CachedCurrentUserController$4$1$1
com.parse.CachedCurrentUserController$4$1$2
com.parse.ConfigCallback
com.parse.ConnectivityNotifier:
    private static final java.lang.String TAG
    58:61:public void removeListener(com.parse.ConnectivityNotifier$ConnectivityListener)
com.parse.CountCallback
com.parse.DeleteCallback
com.parse.EventuallyPin:
    public static final java.lang.String PIN_NAME
    public static final int TYPE_SAVE
    public static final int TYPE_DELETE
    public static final int TYPE_COMMAND
    154:154:public static bolts.Task findAllPinned()
com.parse.FileObjectStore:
    118:118:public bolts.Task existsAsync()
com.parse.FileObjectStore$3
com.parse.FindCallback:
    public abstract void done(java.util.List,com.parse.ParseException)
com.parse.FunctionCallback
com.parse.GCMService:
    private static final java.lang.String TAG
    public static final java.lang.String REGISTER_RESPONSE_ACTION
    public static final java.lang.String RECEIVE_PUSH_ACTION
    76:76:public android.os.IBinder onBind(android.content.Intent)
com.parse.GcmRegistrar:
    private static final java.lang.String TAG
    private static final java.lang.String REGISTRATION_ID_EXTRA
    private static final java.lang.String ERROR_EXTRA
    private static final java.lang.String PARSE_SENDER_ID
    private static final java.lang.String SENDER_ID_EXTRA
    public static final java.lang.String REGISTER_ACTION
    private static final java.lang.String FILENAME_DEVICE_TOKEN_LAST_MODIFIED
    213:215:int getRequestIdentifier()
    274:275:static void deleteLocalDeviceTokenLastModifiedFile()
com.parse.GcmRegistrar$Request:
    private static final java.lang.String RETRY_ACTION
    private static final int MAX_RETRIES
    private static final int BACKOFF_INTERVAL_MS
com.parse.GcmRegistrar$Singleton:
    55:55:private GcmRegistrar$Singleton()
com.parse.GetCallback:
    public abstract void done(com.parse.ParseObject,com.parse.ParseException)
com.parse.GetDataCallback
com.parse.GetDataStreamCallback
com.parse.GetFileCallback